2025-01-28 10:02:27,588 - INFO - Iniciando programa
2025-01-28 10:02:27,590 - DEBUG - Cargando configuración...
2025-01-28 10:02:27,590 - DEBUG - Proceso completado!
2025-01-28 10:02:27,590 - DEBUG - Clasificando archivos...
2025-01-28 10:02:29,810 - INFO - Archivo comprimido: Git-2.47.1.2-64-bit.zip
2025-01-28 10:02:29,810 - INFO - Archivo comprimido: izakji_zombie_apocalypse_2_menu_animation.zip
2025-01-28 10:07:46,114 - INFO - Iniciando programa
2025-01-28 10:07:46,115 - DEBUG - Cargando configuración...
2025-01-28 10:07:46,116 - DEBUG - Proceso completado!
2025-01-28 10:07:46,116 - DEBUG - Clasificando archivos...
2025-01-28 10:07:47,143 - INFO - No se comprimieron archivos
2025-01-28 10:14:55,044 - INFO - Iniciando programa
2025-01-28 10:14:55,046 - DEBUG - Cargando configuración...
2025-01-28 10:14:55,047 - DEBUG - Proceso completado!
2025-01-28 10:14:55,047 - DEBUG - Clasificando archivos...
2025-01-28 10:14:55,943 - INFO - No se comprimieron archivos
2025-01-28 10:16:38,909 - INFO - Iniciando programa
2025-01-28 10:16:38,911 - DEBUG - Cargando configuración...
2025-01-28 10:16:38,911 - DEBUG - Proceso completado!
2025-01-28 10:16:38,911 - DEBUG - Clasificando archivos...
2025-01-28 10:16:39,769 - INFO - No se comprimieron archivos
2025-01-28 10:19:10,273 - INFO - Iniciando programa
2025-01-28 10:19:10,275 - DEBUG - Cargando configuración...
2025-01-28 10:19:10,276 - DEBUG - Proceso completado!
2025-01-28 10:19:10,276 - DEBUG - Clasificando archivos...
2025-01-28 10:19:10,298 - INFO - No se comprimieron archivos
2025-01-28 10:21:20,606 - INFO - Iniciando programa
2025-01-28 10:21:20,608 - DEBUG - Cargando configuración...
2025-01-28 10:21:20,609 - DEBUG - Proceso completado!
2025-01-28 10:21:20,609 - DEBUG - Clasificando archivos...
2025-01-28 10:21:20,634 - INFO - No se comprimieron archivos
2025-01-28 10:23:16,501 - DEBUG - Proceso completado!
2025-01-28 10:23:16,826 - DEBUG - Creando carpetas y moviendo archivos...
2025-01-28 10:34:42,401 - INFO - Iniciando programa
2025-01-28 10:34:42,402 - DEBUG - Cargando configuración...
2025-01-28 10:34:42,403 - DEBUG - Proceso completado!
2025-01-28 10:34:42,403 - DEBUG - Clasificando archivos...
2025-01-28 10:34:42,429 - INFO - No se comprimieron archivos
2025-01-28 10:52:57,625 - INFO - Iniciando programa
2025-01-28 10:52:57,626 - DEBUG - Cargando configuración...
2025-01-28 10:52:57,627 - DEBUG - Proceso completado!
2025-01-28 10:52:57,627 - DEBUG - Clasificando archivos...
2025-01-28 10:52:57,651 - INFO - No se comprimieron archivos
2025-01-28 11:06:11,093 - INFO - Iniciando programa
2025-01-28 11:06:11,094 - DEBUG - Cargando configuración...
2025-01-28 11:06:11,095 - DEBUG - Proceso completado!
2025-01-28 11:06:11,095 - DEBUG - Clasificando archivos...
2025-01-28 11:06:11,119 - INFO - No se comprimieron archivos
2025-01-28 11:09:33,631 - INFO - Iniciando programa
2025-01-28 11:09:33,632 - DEBUG - Cargando configuración...
2025-01-28 11:09:33,633 - DEBUG - Proceso completado!
2025-01-28 11:09:33,633 - DEBUG - Clasificando archivos...
2025-01-28 11:09:33,662 - INFO - No se comprimieron archivos
2025-01-28 11:13:36,764 - INFO - Iniciando programa
2025-01-28 11:13:36,765 - DEBUG - Cargando configuración...
2025-01-28 11:13:36,766 - DEBUG - Proceso completado!
2025-01-28 11:13:36,766 - DEBUG - Clasificando archivos...
2025-01-28 11:13:36,793 - INFO - No se comprimieron archivos
2025-01-28 11:14:15,629 - INFO - Iniciando programa
2025-01-28 11:14:15,630 - DEBUG - Cargando configuración...
2025-01-28 11:14:15,631 - DEBUG - Proceso completado!
2025-01-28 11:14:15,631 - DEBUG - Clasificando archivos...
2025-01-28 11:14:15,655 - INFO - No se comprimieron archivos
2025-01-28 11:21:03,769 - INFO - Iniciando programa
2025-01-28 11:21:03,770 - DEBUG - Cargando configuración...
2025-01-28 11:21:03,771 - DEBUG - Proceso completado!
2025-01-28 11:21:03,771 - DEBUG - Clasificando archivos...
2025-01-28 11:21:03,795 - INFO - No se comprimieron archivos
2025-01-28 11:54:36,575 - INFO - Iniciando programa
2025-01-28 11:54:36,576 - DEBUG - Cargando configuración...
2025-01-28 11:54:36,577 - DEBUG - Proceso completado!
2025-01-28 11:54:36,577 - DEBUG - Clasificando archivos...
2025-01-28 11:54:36,603 - INFO - No se comprimieron archivos
2025-01-28 11:57:07,516 - INFO - Iniciando programa
2025-01-28 11:57:07,517 - DEBUG - Cargando configuración...
2025-01-28 11:57:07,518 - DEBUG - Proceso completado!
2025-01-28 11:57:07,518 - DEBUG - Clasificando archivos...
2025-01-28 11:57:07,540 - INFO - No se comprimieron archivos
2025-01-28 11:57:49,550 - DEBUG - Proceso completado!
2025-01-28 11:58:10,894 - DEBUG - Creando carpetas y moviendo archivos...
2025-01-28 12:29:42,638 - INFO - Iniciando programa
2025-01-28 12:29:42,639 - DEBUG - Cargando configuración...
2025-01-28 12:29:42,640 - DEBUG - Proceso completado!
2025-01-28 12:29:42,640 - DEBUG - Clasificando archivos...
2025-01-28 12:29:42,664 - INFO - No se comprimieron archivos
2025-01-28 12:29:45,735 - DEBUG - Proceso completado!
2025-01-28 12:29:45,736 - DEBUG - Creando carpetas y moviendo archivos...
2025-01-28 12:32:03,402 - INFO - Iniciando programa
2025-01-28 12:32:03,403 - DEBUG - Cargando configuración...
2025-01-28 12:32:03,404 - DEBUG - Proceso completado!
2025-01-28 12:32:03,405 - DEBUG - Clasificando archivos...
2025-01-28 12:32:03,433 - INFO - No se comprimieron archivos
2025-01-28 12:32:07,028 - DEBUG - Proceso completado!
2025-01-28 12:32:07,029 - DEBUG - Creando carpetas y moviendo archivos...
2025-01-28 12:34:04,561 - DEBUG - Proceso completado!
2025-01-28 12:34:04,562 - DEBUG - Eliminando carpetas vacías...
2025-01-28 12:34:04,564 - DEBUG - Proceso completado!
2025-01-28 12:34:04,564 - INFO - Programa finalizado
2025-01-28 12:51:59,055 - INFO - Iniciando programa
2025-01-28 12:51:59,060 - DEBUG - Cargando configuración...
2025-01-28 12:51:59,063 - DEBUG - Proceso completado!
2025-01-28 12:51:59,064 - DEBUG - Clasificando archivos...
2025-01-28 12:51:59,110 - INFO - No se comprimieron archivos
2025-01-28 12:51:59,122 - DEBUG - Proceso completado!
2025-01-28 12:51:59,123 - DEBUG - Creando carpetas y moviendo archivos...
2025-01-28 12:51:59,137 - DEBUG - Proceso completado!
2025-01-28 12:52:05,842 - DEBUG - Eliminando carpetas vacías...
2025-01-28 12:59:06,410 - INFO - Iniciando programa
2025-01-28 12:59:06,411 - DEBUG - Cargando configuración...
2025-01-28 12:59:06,414 - DEBUG - Proceso completado!
2025-01-28 12:59:06,414 - DEBUG - Clasificando archivos...
2025-01-28 13:01:30,670 - INFO - No se comprimieron archivos
2025-01-28 13:01:54,759 - DEBUG - Proceso completado!
2025-01-28 13:01:54,760 - DEBUG - Creando carpetas y moviendo archivos...
2025-01-28 13:01:54,780 - DEBUG - Proceso completado!
2025-01-28 13:01:58,403 - DEBUG - Eliminando carpetas vacías...
2025-01-28 13:04:52,946 - INFO - Iniciando programa
2025-01-28 13:04:52,947 - DEBUG - Cargando configuración...
2025-01-28 13:04:52,950 - DEBUG - Proceso completado!
2025-01-28 13:04:52,950 - DEBUG - Clasificando archivos...
2025-01-28 13:04:57,851 - INFO - No se comprimieron archivos
2025-01-28 13:04:57,863 - DEBUG - Proceso completado!
2025-01-28 13:04:57,863 - DEBUG - Creando carpetas y moviendo archivos...
2025-01-28 13:04:57,873 - DEBUG - Proceso completado!
2025-01-28 13:05:00,039 - DEBUG - Eliminando carpetas vacías...
2025-01-28 13:15:25,476 - INFO - Iniciando programa
2025-01-28 13:15:25,477 - DEBUG - Cargando configuración...
2025-01-28 13:15:25,479 - DEBUG - Proceso completado!
2025-01-28 13:15:25,479 - DEBUG - Clasificando archivos...
2025-01-28 13:16:03,105 - INFO - Iniciando programa
2025-01-28 13:16:03,106 - DEBUG - Cargando configuración...
2025-01-28 13:16:03,108 - DEBUG - Proceso completado!
2025-01-28 13:16:03,108 - DEBUG - Clasificando archivos...
2025-01-28 13:18:00,822 - INFO - Iniciando programa
2025-01-28 13:18:00,824 - DEBUG - Cargando configuración...
2025-01-28 13:18:00,825 - DEBUG - Proceso completado!
2025-01-28 13:18:00,825 - DEBUG - Clasificando archivos...
2025-01-28 13:20:55,262 - INFO - Iniciando programa
2025-01-28 13:20:55,264 - DEBUG - Cargando configuración...
2025-01-28 13:20:55,266 - DEBUG - Proceso completado!
2025-01-28 13:20:55,266 - DEBUG - Clasificando archivos...
2025-01-28 13:20:55,293 - INFO - No se comprimieron archivos
2025-01-28 13:20:55,306 - DEBUG - Proceso completado!
2025-01-28 13:20:55,306 - DEBUG - Creando carpetas y moviendo archivos...
2025-01-28 13:20:55,323 - DEBUG - Proceso completado!
2025-01-28 13:21:20,489 - DEBUG - Eliminando carpetas vacías...
2025-01-28 13:25:48,356 - DEBUG - Proceso completado!
2025-01-28 13:25:50,611 - INFO - Programa finalizado
